0 info it worked if it ends with ok
1 verbose cli [ '/usr/local/bin/node', '/usr/local/bin/npm', 'publish' ]
2 info using npm@2.14.12
3 info using node@v4.2.5
4 verbose publish [ '.' ]
5 silly cache add args [ '.', null ]
6 verbose cache add spec .
7 silly cache add parsed spec Result {
7 silly cache add   raw: '.',
7 silly cache add   scope: null,
7 silly cache add   name: null,
7 silly cache add   rawSpec: '.',
7 silly cache add   spec: '/Users/chrisfrantz/Documents/workspaces/starwars-names',
7 silly cache add   type: 'directory' }
8 verbose addLocalDirectory /Users/chrisfrantz/.npm/starwars-names/1.0.0/package.tgz not in flight; packing
9 verbose tar pack [ '/Users/chrisfrantz/.npm/starwars-names/1.0.0/package.tgz',
9 verbose tar pack   '/Users/chrisfrantz/Documents/workspaces/starwars-names' ]
10 verbose tarball /Users/chrisfrantz/.npm/starwars-names/1.0.0/package.tgz
11 verbose folder /Users/chrisfrantz/Documents/workspaces/starwars-names
12 info prepublish starwars-names@1.0.0
13 verbose addLocalTarball adding from inside cache /Users/chrisfrantz/.npm/starwars-names/1.0.0/package.tgz
14 silly cache afterAdd starwars-names@1.0.0
15 verbose afterAdd /Users/chrisfrantz/.npm/starwars-names/1.0.0/package/package.json not in flight; writing
16 verbose afterAdd /Users/chrisfrantz/.npm/starwars-names/1.0.0/package/package.json written
17 silly publish { name: 'starwars-names',
17 silly publish   version: '1.0.0',
17 silly publish   description: 'egghead tutorial for creating a npm module',
17 silly publish   main: 'index.js',
17 silly publish   scripts: { test: 'echo "Error: no test specified" && exit 1' },
17 silly publish   repository:
17 silly publish    { type: 'git',
17 silly publish      url: 'git+https://github.com/frantzyy/starwars-names.git' },
17 silly publish   keywords: [ 'learning', 'egghead', 'frantzyy' ],
17 silly publish   author:
17 silly publish    { name: 'Chris Frantz',
17 silly publish      email: 'christopher.j.frantz@gmail.com' },
17 silly publish   license: 'MIT',
17 silly publish   bugs: { url: 'https://github.com/frantzyy/starwars-names/issues' },
17 silly publish   homepage: 'https://github.com/frantzyy/starwars-names#readme',
17 silly publish   dependencies: { 'unique-random-array': '1.0.0' },
17 silly publish   readme: '# starwars-names\n',
17 silly publish   readmeFilename: 'README.md',
17 silly publish   gitHead: 'd2de75e244c61768c7a985bbef691d003fafc355',
17 silly publish   _id: 'starwars-names@1.0.0',
17 silly publish   _shasum: '1f45b606a3b6d29ee61207f4623df040202b63fe',
17 silly publish   _from: '.' }
18 verbose getPublishConfig undefined
19 silly mapToRegistry name starwars-names
20 silly mapToRegistry using default registry
21 silly mapToRegistry registry https://registry.npmjs.org/
22 silly mapToRegistry uri https://registry.npmjs.org/starwars-names
23 verbose publish registryBase https://registry.npmjs.org/
24 silly publish uploading /Users/chrisfrantz/.npm/starwars-names/1.0.0/package.tgz
25 verbose request uri https://registry.npmjs.org/starwars-names
26 verbose request sending authorization for write operation
27 info attempt registry request try #1 at 6:48:09 PM
28 verbose request using bearer token for auth
29 verbose request id 4236d76238562d7d
30 http request PUT https://registry.npmjs.org/starwars-names
31 http 403 https://registry.npmjs.org/starwars-names
32 verbose headers { 'content-type': 'application/json',
32 verbose headers   'cache-control': 'max-age=300',
32 verbose headers   'content-length': '106',
32 verbose headers   'accept-ranges': 'bytes',
32 verbose headers   date: 'Wed, 20 Jan 2016 23:48:10 GMT',
32 verbose headers   via: '1.1 varnish',
32 verbose headers   connection: 'keep-alive',
32 verbose headers   'x-served-by': 'cache-atl6233-ATL',
32 verbose headers   'x-cache': 'MISS',
32 verbose headers   'x-cache-hits': '0',
32 verbose headers   'x-timer': 'S1453333689.864643,VS0,VE419' }
33 verbose request invalidating /Users/chrisfrantz/.npm/registry.npmjs.org/starwars-names on PUT
34 error publish Failed PUT 403
35 verbose stack Error: You do not have permission to publish 'starwars-names'. Are you logged in as the correct user? : starwars-names
35 verbose stack     at makeError (/usr/local/lib/node_modules/npm/node_modules/npm-registry-client/lib/request.js:264:12)
35 verbose stack     at CachingRegistryClient.<anonymous> (/usr/local/lib/node_modules/npm/node_modules/npm-registry-client/lib/request.js:252:14)
35 verbose stack     at Request._callback (/usr/local/lib/node_modules/npm/node_modules/npm-registry-client/lib/request.js:172:14)
35 verbose stack     at Request.self.callback (/usr/local/lib/node_modules/npm/node_modules/request/request.js:198:22)
35 verbose stack     at emitTwo (events.js:87:13)
35 verbose stack     at Request.emit (events.js:172:7)
35 verbose stack     at Request.<anonymous> (/usr/local/lib/node_modules/npm/node_modules/request/request.js:1082:10)
35 verbose stack     at emitOne (events.js:82:20)
35 verbose stack     at Request.emit (events.js:169:7)
35 verbose stack     at IncomingMessage.<anonymous> (/usr/local/lib/node_modules/npm/node_modules/request/request.js:1009:12)
36 verbose statusCode 403
37 verbose pkgid starwars-names
38 verbose cwd /Users/chrisfrantz/Documents/workspaces/starwars-names
39 error Darwin 14.3.0
40 error argv "/usr/local/bin/node" "/usr/local/bin/npm" "publish"
41 error node v4.2.5
42 error npm  v2.14.12
43 error code E403
44 error You do not have permission to publish 'starwars-names'. Are you logged in as the correct user? : starwars-names
45 error If you need help, you may report this error at:
45 error     <https://github.com/npm/npm/issues>
46 verbose exit [ 1, true ]
